0 info it worked if it ends with ok
1 verbose cli [ '/usr/local/bin/node',
1 verbose cli   '/usr/local/bin/npm',
1 verbose cli   'install',
1 verbose cli   '--save',
1 verbose cli   'webpack-dashboard/plugin' ]
2 info using npm@3.10.10
3 info using node@v7.3.0
4 silly loadCurrentTree Starting
5 silly install loadCurrentTree
6 silly install readLocalPackageData
7 silly fetchPackageMetaData webpack-dashboard/plugin
8 silly fetchOtherPackageData webpack-dashboard/plugin
9 silly cache add args [ 'webpack-dashboard/plugin', null ]
10 verbose cache add spec webpack-dashboard/plugin
11 silly cache add parsed spec Result {
11 silly cache add   raw: 'webpack-dashboard/plugin',
11 silly cache add   scope: null,
11 silly cache add   escapedName: null,
11 silly cache add   name: null,
11 silly cache add   rawSpec: 'webpack-dashboard/plugin',
11 silly cache add   spec: 'github:webpack-dashboard/plugin',
11 silly cache add   type: 'hosted',
11 silly cache add   hosted:
11 silly cache add    { type: 'github',
11 silly cache add      ssh: 'git@github.com:webpack-dashboard/plugin.git',
11 silly cache add      sshUrl: 'git+ssh://git@github.com/webpack-dashboard/plugin.git',
11 silly cache add      httpsUrl: 'git+https://github.com/webpack-dashboard/plugin.git',
11 silly cache add      gitUrl: 'git://github.com/webpack-dashboard/plugin.git',
11 silly cache add      shortcut: 'github:webpack-dashboard/plugin',
11 silly cache add      directUrl: 'https://raw.githubusercontent.com/webpack-dashboard/plugin/master/package.json' } }
12 verbose addRemoteGit caching webpack-dashboard/plugin
13 verbose addRemoteGit webpack-dashboard/plugin is a repository hosted by github
14 silly tryGitProto attempting to clone git://github.com/webpack-dashboard/plugin.git
15 silly tryClone cloning webpack-dashboard/plugin via git://github.com/webpack-dashboard/plugin.git
16 verbose tryClone git-github-com-webpack-dashboard-plugin-git-32c70209 not in flight; caching
17 verbose correctMkdir /Users/yuriylemberg/.npm/_git-remotes correctMkdir not in flight; initializing
18 verbose makeDirectory /Users/yuriylemberg/.npm/_git-remotes creation not in flight; initializing
19 silly makeDirectory /Users/yuriylemberg/.npm/_git-remotes uid: 501 gid: 20
20 info git [ 'clone',
20 info git   '--template=/Users/yuriylemberg/.npm/_git-remotes/_templates',
20 info git   '--mirror',
20 info git   'git://github.com/webpack-dashboard/plugin.git',
20 info git   '/Users/yuriylemberg/.npm/_git-remotes/git-github-com-webpack-dashboard-plugin-git-32c70209' ]
21 verbose git clone --template=/Users/yuriylemberg/.npm/_git-remotes/_templates --mirror git://github.com/webpack-dashboard/plugin.git /Users/yuriylemberg/.npm/_git-remotes/git-github-com-webpack-dashboard-plugin-git-32c70209: Cloning into bare repository '/Users/yuriylemberg/.npm/_git-remotes/git-github-com-webpack-dashboard-plugin-git-32c70209'...
21 verbose git clone --template=/Users/yuriylemberg/.npm/_git-remotes/_templates --mirror git://github.com/webpack-dashboard/plugin.git /Users/yuriylemberg/.npm/_git-remotes/git-github-com-webpack-dashboard-plugin-git-32c70209: fatal: remote error:
21 verbose git clone --template=/Users/yuriylemberg/.npm/_git-remotes/_templates --mirror git://github.com/webpack-dashboard/plugin.git /Users/yuriylemberg/.npm/_git-remotes/git-github-com-webpack-dashboard-plugin-git-32c70209:   Repository not found.
22 silly tryHTTPS attempting to clone git+https://github.com/webpack-dashboard/plugin.git
23 silly tryClone cloning webpack-dashboard/plugin via git+https://github.com/webpack-dashboard/plugin.git
24 verbose tryClone git-https-github-com-webpack-dashboard-plugin-git-09cc8ad4 not in flight; caching
25 verbose correctMkdir /Users/yuriylemberg/.npm/_git-remotes correctMkdir not in flight; initializing
26 info git [ 'clone',
26 info git   '--template=/Users/yuriylemberg/.npm/_git-remotes/_templates',
26 info git   '--mirror',
26 info git   'https://github.com/webpack-dashboard/plugin.git',
26 info git   '/Users/yuriylemberg/.npm/_git-remotes/git-https-github-com-webpack-dashboard-plugin-git-09cc8ad4' ]
27 verbose git clone --template=/Users/yuriylemberg/.npm/_git-remotes/_templates --mirror https://github.com/webpack-dashboard/plugin.git /Users/yuriylemberg/.npm/_git-remotes/git-https-github-com-webpack-dashboard-plugin-git-09cc8ad4: Cloning into bare repository '/Users/yuriylemberg/.npm/_git-remotes/git-https-github-com-webpack-dashboard-plugin-git-09cc8ad4'...
27 verbose git clone --template=/Users/yuriylemberg/.npm/_git-remotes/_templates --mirror https://github.com/webpack-dashboard/plugin.git /Users/yuriylemberg/.npm/_git-remotes/git-https-github-com-webpack-dashboard-plugin-git-09cc8ad4: remote: Repository not found.
27 verbose git clone --template=/Users/yuriylemberg/.npm/_git-remotes/_templates --mirror https://github.com/webpack-dashboard/plugin.git /Users/yuriylemberg/.npm/_git-remotes/git-https-github-com-webpack-dashboard-plugin-git-09cc8ad4: fatal: repository 'https://github.com/webpack-dashboard/plugin.git/' not found
28 silly trySSH attempting to clone git@github.com:webpack-dashboard/plugin.git
29 silly tryClone cloning webpack-dashboard/plugin via git@github.com:webpack-dashboard/plugin.git
30 verbose tryClone git-github-com-webpack-dashboard-plugin-git-0cfd629e not in flight; caching
31 verbose correctMkdir /Users/yuriylemberg/.npm/_git-remotes correctMkdir not in flight; initializing
32 info git [ 'clone',
32 info git   '--template=/Users/yuriylemberg/.npm/_git-remotes/_templates',
32 info git   '--mirror',
32 info git   'git@github.com:webpack-dashboard/plugin.git',
32 info git   '/Users/yuriylemberg/.npm/_git-remotes/git-github-com-webpack-dashboard-plugin-git-0cfd629e' ]
33 error git clone --template=/Users/yuriylemberg/.npm/_git-remotes/_templates --mirror git@github.com:webpack-dashboard/plugin.git /Users/yuriylemberg/.npm/_git-remotes/git-github-com-webpack-dashboard-plugin-git-0cfd629e: Cloning into bare repository '/Users/yuriylemberg/.npm/_git-remotes/git-github-com-webpack-dashboard-plugin-git-0cfd629e'...
33 error git clone --template=/Users/yuriylemberg/.npm/_git-remotes/_templates --mirror git@github.com:webpack-dashboard/plugin.git /Users/yuriylemberg/.npm/_git-remotes/git-github-com-webpack-dashboard-plugin-git-0cfd629e: Host key verification failed.
33 error git clone --template=/Users/yuriylemberg/.npm/_git-remotes/_templates --mirror git@github.com:webpack-dashboard/plugin.git /Users/yuriylemberg/.npm/_git-remotes/git-github-com-webpack-dashboard-plugin-git-0cfd629e: fatal: Could not read from remote repository.
33 error git clone --template=/Users/yuriylemberg/.npm/_git-remotes/_templates --mirror git@github.com:webpack-dashboard/plugin.git /Users/yuriylemberg/.npm/_git-remotes/git-github-com-webpack-dashboard-plugin-git-0cfd629e:
33 error git clone --template=/Users/yuriylemberg/.npm/_git-remotes/_templates --mirror git@github.com:webpack-dashboard/plugin.git /Users/yuriylemberg/.npm/_git-remotes/git-github-com-webpack-dashboard-plugin-git-0cfd629e: Please make sure you have the correct access rights
33 error git clone --template=/Users/yuriylemberg/.npm/_git-remotes/_templates --mirror git@github.com:webpack-dashboard/plugin.git /Users/yuriylemberg/.npm/_git-remotes/git-github-com-webpack-dashboard-plugin-git-0cfd629e: and the repository exists.
34 silly fetchPackageMetaData Error: Command failed: git clone --template=/Users/yuriylemberg/.npm/_git-remotes/_templates --mirror git@github.com:webpack-dashboard/plugin.git /Users/yuriylemberg/.npm/_git-remotes/git-github-com-webpack-dashboard-plugin-git-0cfd629e
34 silly fetchPackageMetaData Cloning into bare repository '/Users/yuriylemberg/.npm/_git-remotes/git-github-com-webpack-dashboard-plugin-git-0cfd629e'...
34 silly fetchPackageMetaData Host key verification failed.
34 silly fetchPackageMetaData fatal: Could not read from remote repository.
34 silly fetchPackageMetaData
34 silly fetchPackageMetaData Please make sure you have the correct access rights
34 silly fetchPackageMetaData and the repository exists.
34 silly fetchPackageMetaData
34 silly fetchPackageMetaData     at ChildProcess.exithandler (child_process.js:211:12)
34 silly fetchPackageMetaData     at emitTwo (events.js:106:13)
34 silly fetchPackageMetaData     at ChildProcess.emit (events.js:191:7)
34 silly fetchPackageMetaData     at maybeClose (internal/child_process.js:885:16)
34 silly fetchPackageMetaData     at Socket.<anonymous> (internal/child_process.js:334:11)
34 silly fetchPackageMetaData     at emitOne (events.js:96:13)
34 silly fetchPackageMetaData     at Socket.emit (events.js:188:7)
34 silly fetchPackageMetaData     at Pipe._handle.close [as _onclose] (net.js:501:12)
34 silly fetchPackageMetaData  error for webpack-dashboard/plugin { Error: Command failed: git clone --template=/Users/yuriylemberg/.npm/_git-remotes/_templates --mirror git@github.com:webpack-dashboard/plugin.git /Users/yuriylemberg/.npm/_git-remotes/git-github-com-webpack-dashboard-plugin-git-0cfd629e
34 silly fetchPackageMetaData Cloning into bare repository '/Users/yuriylemberg/.npm/_git-remotes/git-github-com-webpack-dashboard-plugin-git-0cfd629e'...
34 silly fetchPackageMetaData Host key verification failed.
34 silly fetchPackageMetaData fatal: Could not read from remote repository.
34 silly fetchPackageMetaData
34 silly fetchPackageMetaData Please make sure you have the correct access rights
34 silly fetchPackageMetaData and the repository exists.
34 silly fetchPackageMetaData
34 silly fetchPackageMetaData     at ChildProcess.exithandler (child_process.js:211:12)
34 silly fetchPackageMetaData     at emitTwo (events.js:106:13)
34 silly fetchPackageMetaData     at ChildProcess.emit (events.js:191:7)
34 silly fetchPackageMetaData     at maybeClose (internal/child_process.js:885:16)
34 silly fetchPackageMetaData     at Socket.<anonymous> (internal/child_process.js:334:11)
34 silly fetchPackageMetaData     at emitOne (events.js:96:13)
34 silly fetchPackageMetaData     at Socket.emit (events.js:188:7)
34 silly fetchPackageMetaData     at Pipe._handle.close [as _onclose] (net.js:501:12)
34 silly fetchPackageMetaData   killed: false,
34 silly fetchPackageMetaData   code: 128,
34 silly fetchPackageMetaData   signal: null,
34 silly fetchPackageMetaData   cmd: 'git clone --template=/Users/yuriylemberg/.npm/_git-remotes/_templates --mirror git@github.com:webpack-dashboard/plugin.git /Users/yuriylemberg/.npm/_git-remotes/git-github-com-webpack-dashboard-plugin-git-0cfd629e' }
35 silly rollbackFailedOptional Starting
36 silly rollbackFailedOptional Finishing
37 silly runTopLevelLifecycles Finishing
38 silly install printInstalled
39 verbose stack Error: Command failed: git clone --template=/Users/yuriylemberg/.npm/_git-remotes/_templates --mirror git@github.com:webpack-dashboard/plugin.git /Users/yuriylemberg/.npm/_git-remotes/git-github-com-webpack-dashboard-plugin-git-0cfd629e
39 verbose stack Cloning into bare repository '/Users/yuriylemberg/.npm/_git-remotes/git-github-com-webpack-dashboard-plugin-git-0cfd629e'...
39 verbose stack Host key verification failed.
39 verbose stack fatal: Could not read from remote repository.
39 verbose stack
39 verbose stack Please make sure you have the correct access rights
39 verbose stack and the repository exists.
39 verbose stack
39 verbose stack     at ChildProcess.exithandler (child_process.js:211:12)
39 verbose stack     at emitTwo (events.js:106:13)
39 verbose stack     at ChildProcess.emit (events.js:191:7)
39 verbose stack     at maybeClose (internal/child_process.js:885:16)
39 verbose stack     at Socket.<anonymous> (internal/child_process.js:334:11)
39 verbose stack     at emitOne (events.js:96:13)
39 verbose stack     at Socket.emit (events.js:188:7)
39 verbose stack     at Pipe._handle.close [as _onclose] (net.js:501:12)
40 verbose cwd /Users/yuriylemberg/Documents/apps/basketball-trivia
41 error Darwin 16.3.0
42 error argv "/usr/local/bin/node" "/usr/local/bin/npm" "install" "--save" "webpack-dashboard/plugin"
43 error node v7.3.0
44 error npm  v3.10.10
45 error code 128
46 error Command failed: git clone --template=/Users/yuriylemberg/.npm/_git-remotes/_templates --mirror git@github.com:webpack-dashboard/plugin.git /Users/yuriylemberg/.npm/_git-remotes/git-github-com-webpack-dashboard-plugin-git-0cfd629e
46 error Cloning into bare repository '/Users/yuriylemberg/.npm/_git-remotes/git-github-com-webpack-dashboard-plugin-git-0cfd629e'...
46 error Host key verification failed.
46 error fatal: Could not read from remote repository.
46 error
46 error Please make sure you have the correct access rights
46 error and the repository exists.
47 error If you need help, you may report this error at:
47 error     <https://github.com/npm/npm/issues>
48 verbose exit [ 1, true ]
